<?xml version="1.0" encoding="UTF-8"?>
<!-- Generated by org.testng.reporters.JUnitReportReporter -->
<testsuite hostname="Black-Light" failures="0" tests="1" name="tests.InvestorLogin" time="7.799" errors="0" timestamp="2024-04-25T18:17:01 IST" skipped="0">
  <testcase classname="tests.InvestorLogin" name="LoginAsInvestor" time="7.799"/>
</testsuite> <!-- tests.InvestorLogin -->
