<?xml version="1.0" encoding="UTF-8"?>
<!-- Generated by org.testng.reporters.JUnitReportReporter -->
<testsuite hostname="Black-Light" failures="0" tests="1" name="tests.InvestorLoginTest" time="5.063" errors="0" timestamp="2024-05-06T16:53:17 IST" skipped="0">
  <testcase classname="tests.InvestorLoginTest" name="LoginAsInvestor" time="5.063"/>
</testsuite> <!-- tests.InvestorLoginTest -->
